[debug] [2023-10-26T08:23:35.975Z] ----------------------------------------------------------------------
[debug] [2023-10-26T08:23:35.977Z] Command:       C:\Program Files\nodejs\node.exe C:\Users\wkdgu\AppData\Roaming\npm\node_modules\firebase-tools\lib\bin\firebase.js init
[debug] [2023-10-26T08:23:35.978Z] CLI Version:   12.7.0
[debug] [2023-10-26T08:23:35.978Z] Platform:      win32
[debug] [2023-10-26T08:23:35.978Z] Node Version:  v18.12.1
[debug] [2023-10-26T08:23:35.979Z] Time:          Thu Oct 26 2023 17:23:35 GMT+0900 (대한민국 표준시)
[debug] [2023-10-26T08:23:35.979Z] ----------------------------------------------------------------------
[debug] 
[debug] [2023-10-26T08:23:35.984Z] > command requires scopes: ["email","openid","https://www.googleapis.com/auth/cloudplatformprojects.readonly","https://www.googleapis.com/auth/firebase","https://www.googleapis.com/auth/cloud-platform"]
[debug] [2023-10-26T08:23:35.985Z] > authorizing via signed-in user (andy@ureca.im)
[info] 
     ######## #### ########  ######## ########     ###     ######  ########
     ##        ##  ##     ## ##       ##     ##  ##   ##  ##       ##
     ######    ##  ########  ######   ########  #########  ######  ######
     ##        ##  ##    ##  ##       ##     ## ##     ##       ## ##
     ##       #### ##     ## ######## ########  ##     ##  ######  ########

You're about to initialize a Firebase project in this directory:

  D:\Projects\flutter_tosspayments_sample\web

[info] 
=== Project Setup
[info] 
[info] First, let's associate this project directory with a Firebase project.
[info] You can create multiple project aliases by running firebase use --add, 
[info] but for now we'll just set up a default project.
[info] 
[debug] [2023-10-26T08:23:39.690Z] >>> [apiv2][query] GET https://firebase.googleapis.com/v1beta1/projects pageSize=100
[debug] [2023-10-26T08:23:40.537Z] <<< [apiv2][status] GET https://firebase.googleapis.com/v1beta1/projects 200
[debug] [2023-10-26T08:23:40.537Z] <<< [apiv2][body] GET https://firebase.googleapis.com/v1beta1/projects [omitted]
[info] i  Using project ureca-corp (Ureca) 
[info] 
=== Hosting Setup
[info] 
[info] Your public directory is the folder (relative to your project directory) that
[info] will contain Hosting assets to be uploaded with firebase deploy. If you
[info] have a build process for your assets, use your build's output directory.
[info] 
[info] +  Wrote public/404.html 
[debug] [2023-10-26T08:23:56.736Z] >>> [apiv2][query] GET https://www.gstatic.com/firebasejs/releases.json [none]
[debug] [2023-10-26T08:23:56.901Z] <<< [apiv2][status] GET https://www.gstatic.com/firebasejs/releases.json 200
[debug] [2023-10-26T08:23:56.901Z] <<< [apiv2][body] GET https://www.gstatic.com/firebasejs/releases.json {"current":{"version":"10.5.0","browserURL":"https://www.gstatic.com/firebasejs/10.5.0/firebase.js","packageURL":"https://www.gstatic.com/firebasejs/10.5.0/firebase.tgz"},"live":{"version":"10.5","browserURL":"https://www.gstatic.com/firebasejs/live/10.5/firebase.js","packageURL":"https://www.gstatic.com/firebasejs/live/10.5/firebase.tgz"},"components":{"analytics":"https://www.gstatic.com/firebasejs/10.5.0/firebase-analytics.js","app":"https://www.gstatic.com/firebasejs/10.5.0/firebase-app.js","app-check":"https://www.gstatic.com/firebasejs/10.5.0/firebase-app-check.js","auth":"https://www.gstatic.com/firebasejs/10.5.0/firebase-auth.js","auth/cordova":"https://www.gstatic.com/firebasejs/10.5.0/firebase-auth/cordova.js","functions":"https://www.gstatic.com/firebasejs/10.5.0/firebase-functions.js","firestore":"https://www.gstatic.com/firebasejs/10.5.0/firebase-firestore.js","firestore/lite":"https://www.gstatic.com/firebasejs/10.5.0/firebase-firestore/lite.js","installations":"https://www.gstatic.com/firebasejs/10.5.0/firebase-installations.js","storage":"https://www.gstatic.com/firebasejs/10.5.0/firebase-storage.js","performance":"https://www.gstatic.com/firebasejs/10.5.0/firebase-performance.js","remote-config":"https://www.gstatic.com/firebasejs/10.5.0/firebase-remote-config.js","messaging":"https://www.gstatic.com/firebasejs/10.5.0/firebase-messaging.js","messaging/sw":"https://www.gstatic.com/firebasejs/10.5.0/firebase-messaging/sw.js","database":"https://www.gstatic.com/firebasejs/10.5.0/firebase-database.js","firestore.memory":"https://www.gstatic.com/firebasejs/10.5.0/firebase-firestore.memory.js"}}
[info] +  Wrote public/index.html 
[info] 
[info] i  Detected a .git folder at D:\Projects\flutter_tosspayments_sample 
[info] i  Authorizing with GitHub to upload your service account to a GitHub repository's secrets store. 
[info] 
[info] Visit this URL on this device to log in:
[info] https://github.com/login/oauth/authorize?client_id=89cf50f02ac6aaed3484&state=674975827&redirect_uri=http%3A%2F%2Flocalhost%3A9005&scope=read%3Auser%20repo%20public_repo
[info] 
[info] Waiting for authentication...
[debug] [2023-10-26T08:23:57.401Z] >>> [apiv2][query] POST https://github.com/login/oauth/access_token [none]
[debug] [2023-10-26T08:23:57.401Z] >>> [apiv2][body] POST https://github.com/login/oauth/access_token [stream]
[debug] [2023-10-26T08:23:57.706Z] <<< [apiv2][status] POST https://github.com/login/oauth/access_token 200
[debug] [2023-10-26T08:23:57.706Z] <<< [apiv2][body] POST https://github.com/login/oauth/access_token {"access_token":"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","token_type":"bearer","scope":"read:user,repo"}
[debug] [2023-10-26T08:23:57.710Z] >>> [apiv2][query] GET https://api.github.com/user [none]
[debug] [2023-10-26T08:23:58.028Z] <<< [apiv2][status] GET https://api.github.com/user 200
[debug] [2023-10-26T08:23:58.028Z] <<< [apiv2][body] GET https://api.github.com/user {"login":"wkdgus1164","id":22370829,"node_id":"MDQ6VXNlcjIyMzcwODI5","avatar_url":"https://avatars.githubusercontent.com/u/22370829?v=4","gravatar_id":"","url":"https://api.github.com/users/wkdgus1164","html_url":"https://github.com/wkdgus1164","followers_url":"https://api.github.com/users/wkdgus1164/followers","following_url":"https://api.github.com/users/wkdgus1164/following{/other_user}","gists_url":"https://api.github.com/users/wkdgus1164/gists{/gist_id}","starred_url":"https://api.github.com/users/wkdgus1164/starred{/owner}{/repo}","subscriptions_url":"https://api.github.com/users/wkdgus1164/subscriptions","organizations_url":"https://api.github.com/users/wkdgus1164/orgs","repos_url":"https://api.github.com/users/wkdgus1164/repos","events_url":"https://api.github.com/users/wkdgus1164/events{/privacy}","received_events_url":"https://api.github.com/users/wkdgus1164/received_events","type":"User","site_admin":false,"name":"andy","company":"ureca enterprise corp.","blog":"ureca.im","location":"서울특별시 강서구 공항대로 222","email":"wkdgus1164@naver.com","hireable":null,"bio":"Leader @ureca-corp \r\n / \r\nAWS-based DevOps Engineer","twitter_username":null,"public_repos":43,"public_gists":9,"followers":1,"following":5,"created_at":"2016-09-22T12:33:27Z","updated_at":"2023-10-19T14:12:28Z","private_gists":5,"total_private_repos":16,"owned_private_repos":15,"disk_usage":767550,"collaborators":5,"two_factor_authentication":false,"plan":{"name":"free","space":976562499,"collaborators":0,"private_repos":10000}}
[info] 
[info] +  Success! Logged into GitHub as wkdgus1164 
[info] 
